C51 COMPILER V9.60.0.0   TIMER                                                             02/13/2021 22:41:28 PAGE 1   


C51 COMPILER V9.60.0.0, COMPILATION OF MODULE TIMER
OBJECT MODULE PLACED IN .\Objects\timer.obj
COMPILER INVOKED BY: D:\ProgramFiles\Keilv5\C51\BIN\C51.EXE source\timer.c OPTIMIZE(8,SPEED) BROWSE INCDIR(.\inc) DEFINE
                    -(FOSC_240000) DEBUG OBJECTEXTEND PRINT(.\Listings\timer.lst) TABS(2) OBJECT(.\Objects\timer.obj)

line level    source

   1          
   2          #include "timer.h"
   3          unsigned char flag_timer = 0;
   4          
   5          void Timer0_Init(void)
   6          {
   7   1          EA = 1;
   8   1          ET0 = 1;                              
   9   1          TMOD = 0x01;    
  10   1          TL0 = TIMER_DIV12_VALUE_40ms & 0xff;
  11   1          TH0 = TIMER_DIV12_VALUE_40ms >>8;
  12   1          TR0 = 1;
  13   1           
  14   1      }
  15          
  16          void Timer0_ISR(void) interrupt 1      
  17          {
  18   1          flag_timer++;
  19   1          if (flag_timer%20>=10)
  20   1          P15=1;
  21   1          else  P15 = 0;
  22   1          TL0 = TIMER_DIV12_VALUE_40ms & 0xff;
  23   1          TH0 = TIMER_DIV12_VALUE_40ms >>8;
  24   1          TF0 = 0;
  25   1      }


MODULE INFORMATION:   STATIC OVERLAYABLE
   CODE SIZE        =     62    ----
   CONSTANT SIZE    =   ----    ----
   XDATA SIZE       =   ----    ----
   PDATA SIZE       =   ----    ----
   DATA SIZE        =      1    ----
   IDATA SIZE       =   ----    ----
   BIT SIZE         =   ----    ----
END OF MODULE INFORMATION.


C51 COMPILATION COMPLETE.  0 WARNING(S),  0 ERROR(S)
